0 info it worked if it ends with ok
1 verbose cli [ 'D:\\Program Files\\nodejs\\node.exe',
1 verbose cli   'C:\\Users\\Aes\\AppData\\Roaming\\npm\\node_modules\\npm\\bin\\npm-cli.js',
1 verbose cli   'run',
1 verbose cli   'publish_patch' ]
2 info using npm@3.3.4
3 info using node@v4.2.1
4 verbose run-script [ 'prepublish_patch', 'publish_patch', 'postpublish_patch' ]
5 info lifecycle reactiv@0.3.0~prepublish_patch: reactiv@0.3.0
6 silly lifecycle reactiv@0.3.0~prepublish_patch: no script for prepublish_patch, continuing
7 info lifecycle reactiv@0.3.0~publish_patch: reactiv@0.3.0
8 verbose lifecycle reactiv@0.3.0~publish_patch: unsafe-perm in lifecycle true
9 verbose lifecycle reactiv@0.3.0~publish_patch: PATH: C:\Users\Aes\AppData\Roaming\npm\node_modules\npm\bin\node-gyp-bin;C:\projects\reactiv\node_modules\.bin;C:\Program Files (x86)\Microsoft Visual Studio 9.0\Common7\IDE;C:\Program Files (x86)\Microsoft Visual Studio 9.0\VC\BIN;C:\Program Files (x86)\Microsoft Visual Studio 9.0\Common7\Tools;C:\windows\Microsoft.NET\Framework\v3.5;C:\windows\Microsoft.NET\Framework\v2.0.50727;C:\Program Files (x86)\Microsoft Visual Studio 9.0\VC\VCPackages;C:\Program Files\Microsoft SDKs\Windows\v6.0A\bin;D:\Perl64\site\bin;D:\Perl64\bin;C:\Python27\;C:\Python27\Scripts;C:\Program Files (x86)\Python 3.5\Scripts\;C:\Program Files (x86)\Python 3.5\;C:\Program Files\Common Files\Microsoft Shared\Windows Live;C:\Program Files (x86)\Common Files\Microsoft Shared\Windows Live;C:\Program Files (x86)\NVIDIA Corporation\PhysX\Common;C:\Program Files (x86)\Intel\iCLS Client\;C:\Program Files\Intel\iCLS Client\;C:\windows\system32;C:\windows;C:\windows\System32\Wbem;C:\windows\System32\WindowsPowerShell\v1.0\;C:\Program Files\Intel\Intel(R) Management Engine Components\DAL;C:\Program Files\Intel\Intel(R) Management Engine Components\IPT;C:\Program Files (x86)\Intel\Intel(R) Management Engine Components\DAL;C:\Program Files (x86)\Intel\Intel(R) Management Engine Components\IPT;C:\Program Files (x86)\Intel\OpenCL SDK\2.0\bin\x86;C:\Program Files (x86)\Intel\OpenCL SDK\2.0\bin\x64;C:\Program Files (x86)\Toshiba\Bluetooth Toshiba Stack\sys\;C:\Program Files (x86)\Toshiba\Bluetooth Toshiba Stack\sys\x64\;c:\Program Files (x86)\Common Files\Ulead Systems\MPEG;C:\Program Files (x86)\Windows Live\Shared;C:\Program Files (x86)\Microsoft ASP.NET\ASP.NET Web Pages\v1.0\;C:;C:\projects\mc\ant\apache-ant-1.9.4/bin;C:\Program Files (x86)\Microsoft SDKs\TypeScript\1.0\;D:\Program Files\Java\jdk1.7.0_05\bin;d:\android-sdk\tools;d:\android-sdk\platform-tools;d:\Program Files (x86)\Git\cmd;C:\Program Files (x86)\Skype\Phone\;c:\python27;c:\python27\scripts;C:\Program Files (x86)\Lua\5.1;C:\Program Files (x86)\Lua\5.1\clibs;C:\Users\Aes\.dnx\bin;C:\Program Files\Microsoft DNX\Dnvm\;C:\WINDOWS\system32;C:\WINDOWS;C:\WINDOWS\System32\Wbem;C:\WINDOWS\System32\WindowsPowerShell\v1.0\;C:\Program Files\cURL\bin;d:\Program Files (x86)\Bitvise SSH Client;D:\Program Files\nodejs\;C:\Program Files\Git\bin;C:\Users\Aes\AppData\Local\Programs\Eclipse Che\eclipse-che-4.0.0-RC12\tools\jre\bin;C:\Users\Aes\.dnx\bin;d:\Ruby21-x64\bin;d:\Program Files\nodejs;D:\depot_tools\depot_tools\git-1.8.0_bin\bin;C:\Users\Aes\AppData\Local\atom\bin;C:\Program Files (x86)\Nmap;C:\Program Files (x86)\Nmap;C:\Users\Aes\AppData\Local\.meteor\;C:\Program Files (x86)\Microsoft VS Code\bin;C:\Users\Aes\AppData\Roaming\npm;C:\Program Files\Docker Toolbox
10 verbose lifecycle reactiv@0.3.0~publish_patch: CWD: C:\projects\reactiv
11 silly lifecycle reactiv@0.3.0~publish_patch: Args: [ '/d /s /c',
11 silly lifecycle   'npm run build && npm version patch && npm publish' ]
12 silly lifecycle reactiv@0.3.0~publish_patch: Returned: code: 1  signal: null
13 info lifecycle reactiv@0.3.0~publish_patch: Failed to exec publish_patch script
14 verbose stack Error: reactiv@0.3.0 publish_patch: `npm run build && npm version patch && npm publish`
14 verbose stack Exit status 1
14 verbose stack     at EventEmitter.<anonymous> (C:\Users\Aes\AppData\Roaming\npm\node_modules\npm\lib\utils\lifecycle.js:233:16)
14 verbose stack     at emitTwo (events.js:87:13)
14 verbose stack     at EventEmitter.emit (events.js:172:7)
14 verbose stack     at ChildProcess.<anonymous> (C:\Users\Aes\AppData\Roaming\npm\node_modules\npm\lib\utils\spawn.js:24:14)
14 verbose stack     at emitTwo (events.js:87:13)
14 verbose stack     at ChildProcess.emit (events.js:172:7)
14 verbose stack     at maybeClose (internal/child_process.js:818:16)
14 verbose stack     at Process.ChildProcess._handle.onexit (internal/child_process.js:211:5)
15 verbose pkgid reactiv@0.3.0
16 verbose cwd C:\projects\reactiv
17 error Windows_NT 10.0.10240
18 error argv "D:\\Program Files\\nodejs\\node.exe" "C:\\Users\\Aes\\AppData\\Roaming\\npm\\node_modules\\npm\\bin\\npm-cli.js" "run" "publish_patch"
19 error node v4.2.1
20 error npm  v3.3.4
21 error code ELIFECYCLE
22 error reactiv@0.3.0 publish_patch: `npm run build && npm version patch && npm publish`
22 error Exit status 1
23 error Failed at the reactiv@0.3.0 publish_patch script 'npm run build && npm version patch && npm publish'.
23 error This is most likely a problem with the reactiv package,
23 error not with npm itself.
23 error Tell the author that this fails on your system:
23 error     npm run build && npm version patch && npm publish
23 error You can get their info via:
23 error     npm owner ls reactiv
23 error There is likely additional logging output above.
24 verbose exit [ 1, true ]
